\BOOKMARK [0][-]{chapter.1}{Research in Computer Science and Engineering}{}% 1
\BOOKMARK [0][-]{chapter.2}{Writing a Paper}{}% 2
\BOOKMARK [1][-]{section.2.1}{Organization of a Research Paper}{chapter.2}% 3
\BOOKMARK [1][-]{section.2.2}{Title of a Paper}{chapter.2}% 4
\BOOKMARK [1][-]{section.2.3}{Authors Name}{chapter.2}% 5
\BOOKMARK [1][-]{section.2.4}{Affiliation}{chapter.2}% 6
\BOOKMARK [1][-]{section.2.5}{Abstract}{chapter.2}% 7
\BOOKMARK [1][-]{section.2.6}{Key Words}{chapter.2}% 8
\BOOKMARK [1][-]{section.2.7}{Introduction}{chapter.2}% 9
\BOOKMARK [1][-]{section.2.8}{Organization of your paper}{chapter.2}% 10
\BOOKMARK [1][-]{section.2.9}{Preliminaries}{chapter.2}% 11
\BOOKMARK [1][-]{section.2.10}{Main Results}{chapter.2}% 12
\BOOKMARK [1][-]{section.2.11}{Conclusions}{chapter.2}% 13
\BOOKMARK [1][-]{section.2.12}{Acknowledgement}{chapter.2}% 14
\BOOKMARK [1][-]{section.2.13}{Bibliographic References}{chapter.2}% 15
\BOOKMARK [1][-]{section.2.14}{Appendix}{chapter.2}% 16
\BOOKMARK [1][-]{section.2.15}{What To Do Once The Paper Is Written?}{chapter.2}% 17
\BOOKMARK [0][-]{chapter.3}{Writing a Thesis}{}% 18
\BOOKMARK [1][-]{section.3.1}{Thesis Organization}{chapter.3}% 19
\BOOKMARK [0][-]{chapter.4}{Writing Tools}{}% 20
\BOOKMARK [0][-]{chapter.5}{Plagiarism}{}% 21
\BOOKMARK [1][-]{section.5.1}{What is Plagiarism}{chapter.5}% 22
\BOOKMARK [0][-]{chapter.6}{Review Report and Revision Report}{}% 23
\BOOKMARK [1][-]{section.6.1}{Review Report}{chapter.6}% 24
\BOOKMARK [1][-]{section.6.2}{Revision Report}{chapter.6}% 25
\BOOKMARK [0][-]{chapter.7}{Concluding Remarks}{}% 26
\BOOKMARK [0][-]{chapter.8}{Acknowledgement}{}% 27
