\BOOKMARK [0][-]{chapter.1}{Research in Computer Science and Engineering}{}% 1
\BOOKMARK [0][-]{chapter.2}{Issues of Technical Writing}{}% 2
\BOOKMARK [1][-]{section.2.1}{Why do we need writing?}{chapter.2}% 3
\BOOKMARK [1][-]{section.2.2}{Who is Your Audience?}{chapter.2}% 4
\BOOKMARK [1][-]{section.2.3}{Aspects of Technical Writing}{chapter.2}% 5
\BOOKMARK [2][-]{subsection.2.3.1}{}{section.2.3}% 6
\BOOKMARK [2][-]{subsection.2.3.2}{}{section.2.3}% 7
\BOOKMARK [2][-]{subsection.2.3.3}{}{section.2.3}% 8
\BOOKMARK [2][-]{subsection.2.3.4}{}{section.2.3}% 9
\BOOKMARK [2][-]{subsection.2.3.5}{}{section.2.3}% 10
\BOOKMARK [0][-]{chapter.3}{General Guidelines for Technical Writing}{}% 11
\BOOKMARK [1][-]{section.3.1}{Rules and Practices of Writing}{chapter.3}% 12
\BOOKMARK [1][-]{section.3.2}{Important Points for Mathematical Writing}{chapter.3}% 13
\BOOKMARK [2][-]{subsection.3.2.1}{Separating symbols in formulas:}{section.3.2}% 14
\BOOKMARK [2][-]{subsection.3.2.2}{Not starting sentence with a symbol:}{section.3.2}% 15
\BOOKMARK [2][-]{subsection.3.2.3}{Not using symbols \040, ,: }{section.3.2}% 16
\BOOKMARK [2][-]{subsection.3.2.4}{Defining symbols before use: }{section.3.2}% 17
\BOOKMARK [2][-]{subsection.3.2.5}{Not using quotations in mathematics papers frequently:}{section.3.2}% 18
\BOOKMARK [2][-]{subsection.3.2.6}{Placing punctuation marks rightly:}{section.3.2}% 19
\BOOKMARK [2][-]{subsection.3.2.7}{Completing Sentence rightly:}{section.3.2}% 20
\BOOKMARK [2][-]{subsection.3.2.8}{Being self-contained: }{section.3.2}% 21
\BOOKMARK [2][-]{subsection.3.2.9}{Fact, Lemma, Theorem, Corollary:}{section.3.2}% 22
\BOOKMARK [2][-]{subsection.3.2.10}{Capitalizing names of theorems,lemmas..:}{section.3.2}% 23
\BOOKMARK [2][-]{subsection.3.2.11}{Spelling numbers or not: }{section.3.2}% 24
\BOOKMARK [2][-]{subsection.3.2.12}{Displaying important formulas:}{section.3.2}% 25
\BOOKMARK [1][-]{section.3.3}{Some more points...}{chapter.3}% 26
\BOOKMARK [0][-]{chapter.4}{Acknowledgement}{}% 27
