#
# There is insufficient memory for the Java Runtime Environment to continue.
# Native memory allocation (malloc) failed to allocate 406896 bytes for Chunk::new
# Possible reasons:
#   The system is out of physical RAM or swap space
#   In 32 bit mode, the process size limit was hit
# Possible solutions:
#   Reduce memory load on the system
#   Increase physical memory or swap space
#   Check if swap backing store is full
#   Use 64 bit Java on a 64 bit OS
#   Decrease Java heap size (-Xmx/-Xms)
#   Decrease number of Java threads
#   Decrease Java thread stack sizes (-Xss)
#   Set larger code cache with -XX:ReservedCodeCacheSize=
# This output file may be truncated or incomplete.
#
#  Out of Memory Error (allocation.cpp:390), pid=7496, tid=7340
#
# JRE version: Java(TM) SE Runtime Environment (8.0_31-b13) (build 1.8.0_31-b13)
# Java VM: Java HotSpot(TM) 64-Bit Server VM (25.31-b07 mixed mode windows-amd64 compressed oops)
# Failed to write core dump. Minidumps are not enabled by default on client versions of Windows
#

---------------  T H R E A D  ---------------

Current thread (0x00000000564f7800):  JavaThread "C2 CompilerThread1" daemon [_thread_in_native, id=7340, stack(0x0000000056df0000,0x0000000056ef0000)]

Stack: [0x0000000056df0000,0x0000000056ef0000]
Native frames: (J=compiled Java code, j=interpreted, Vv=VM code, C=native code)
V  [jvm.dll+0x3169ba]


Current CompileTask:
C2:   1993  746       4       oracle.jdbc.driver.SQLStateMapping$Tokenizer::next (334 bytes)


---------------  P R O C E S S  ---------------

Java Threads: ( => current thread )
  0x000000005806c800 JavaThread "TimerQueue" daemon [_thread_blocked, id=7644, stack(0x0000000058a60000,0x0000000058b60000)]
  0x000000000225e000 JavaThread "DestroyJavaVM" [_thread_blocked, id=7592, stack(0x00000000024a0000,0x00000000025a0000)]
  0x00000000568d7800 JavaThread "AWT-EventQueue-0" [_thread_in_vm, id=7376, stack(0x0000000058760000,0x0000000058860000)]
  0x0000000056882000 JavaThread "AWT-Windows" daemon [_thread_in_native, id=5712, stack(0x0000000057820000,0x0000000057920000)]
  0x0000000056880800 JavaThread "AWT-Shutdown" [_thread_blocked, id=7612, stack(0x00000000575f0000,0x00000000576f0000)]
  0x000000005687f800 JavaThread "Java2D Disposer" daemon [_thread_blocked, id=992, stack(0x00000000573b0000,0x00000000574b0000)]
  0x0000000054eee800 JavaThread "Service Thread" daemon [_thread_blocked, id=1120, stack(0x00000000571a0000,0x00000000572a0000)]
  0x00000000564f9000 JavaThread "C1 CompilerThread2" daemon [_thread_blocked, id=204, stack(0x0000000056f70000,0x0000000057070000)]
=>0x00000000564f7800 JavaThread "C2 CompilerThread1" daemon [_thread_in_native, id=7340, stack(0x0000000056df0000,0x0000000056ef0000)]
  0x00000000564f2000 JavaThread "C2 CompilerThread0" daemon [_thread_blocked, id=6920, stack(0x0000000056bc0000,0x0000000056cc0000)]
  0x00000000564f0800 JavaThread "Attach Listener" daemon [_thread_blocked, id=5048, stack(0x00000000569e0000,0x0000000056ae0000)]
  0x0000000054ee2000 JavaThread "Signal Dispatcher" daemon [_thread_blocked, id=6880, stack(0x0000000055f10000,0x0000000056010000)]
  0x0000000054e86800 JavaThread "Finalizer" daemon [_thread_blocked, id=7756, stack(0x00000000563f0000,0x00000000564f0000)]
  0x0000000054e7d800 JavaThread "Reference Handler" daemon [_thread_blocked, id=7220, stack(0x0000000056230000,0x0000000056330000)]

Other Threads:
  0x0000000054e79800 VMThread [stack: 0x00000000560a0000,0x00000000561a0000] [id=1816]
  0x000000005657b000 WatcherThread [stack: 0x0000000056cf0000,0x0000000056df0000] [id=6292]

VM state:not at safepoint (normal execution)

VM Mutex/Monitor currently owned by a thread: None

Heap:
 PSYoungGen      total 18944K, used 8521K [0x00000000eb500000, 0x00000000eca00000, 0x0000000100000000)
  eden space 16384K, 52% used [0x00000000eb500000,0x00000000ebd52610,0x00000000ec500000)
  from space 2560K, 0% used [0x00000000ec780000,0x00000000ec780000,0x00000000eca00000)
  to   space 2560K, 0% used [0x00000000ec500000,0x00000000ec500000,0x00000000ec780000)
 ParOldGen       total 44032K, used 0K [0x00000000c1e00000, 0x00000000c4900000, 0x00000000eb500000)
  object space 44032K, 0% used [0x00000000c1e00000,0x00000000c1e00000,0x00000000c4900000)
 Metaspace       used 13295K, capacity 13468K, committed 13696K, reserved 1060864K
  class space    used 1781K, capacity 1840K, committed 1920K, reserved 1048576K

Card table byte_map: [0x0000000011c30000,0x0000000011e30000] byte_map_base: 0x0000000011621000

Marking Bits: (ParMarkBitMap*) 0x000000006ff0d4f0
 Begin Bits: [0x00000000123e0000, 0x0000000013368000)
 End Bits:   [0x0000000013368000, 0x00000000142f0000)

Polling page: 0x00000000001c0000

CodeCache: size=245760Kb used=2763Kb max_used=2775Kb free=242996Kb
 bounds [0x0000000002870000, 0x0000000002b30000, 0x0000000011870000]
 total_blobs=1229 nmethods=752 adapters=391
 compilation: enabled

Compilation events (10 events):
Event: 1.973 Thread 0x00000000564f9000 nmethod 747 0x0000000002b1a6d0 code [0x0000000002b1a820, 0x0000000002b1a970]
Event: 1.974 Thread 0x00000000564f9000  748       3       java.util.BitSet::wordIndex (5 bytes)
Event: 1.974 Thread 0x00000000564f9000 nmethod 748 0x0000000002b20e90 code [0x0000000002b20fe0, 0x0000000002b21110]
Event: 1.975 Thread 0x00000000564f9000  749       1       sun.util.calendar.CalendarDate::isNormalized (5 bytes)
Event: 1.975 Thread 0x00000000564f9000 nmethod 749 0x0000000002b20bd0 code [0x0000000002b20d20, 0x0000000002b20e30]
Event: 1.975 Thread 0x00000000564f9000  750       3       java.util.Properties::loadConvert (505 bytes)
Event: 1.976 Thread 0x00000000564f9000 nmethod 750 0x0000000002b1fad0 code [0x0000000002b1fcc0, 0x0000000002b205b8]
Event: 1.976 Thread 0x00000000564f9000  751       3       java.util.Properties$LineReader::readLine (468 bytes)
Event: 1.978 Thread 0x00000000564f9000 nmethod 751 0x0000000002b21a10 code [0x0000000002b21cc0, 0x0000000002b23648]
Event: 1.979 Thread 0x00000000564f2000  752       4       java.util.Properties::loadConvert (505 bytes)

GC Heap History (0 events):
No events

Deoptimization events (7 events):
Event: 1.562 Thread 0x00000000568d7800 Uncommon trap: reason=unreached action=reinterpret pc=0x0000000002a61abc method=java.util.HashMap.putVal(ILjava/lang/Object;Ljava/lang/Object;ZZ)Ljava/lang/Object; @ 109
Event: 1.607 Thread 0x00000000568d7800 Uncommon trap: reason=class_check action=maybe_recompile pc=0x0000000002a09b0c method=java.lang.String.equals(Ljava/lang/Object;)Z @ 8
Event: 1.610 Thread 0x00000000568d7800 Uncommon trap: reason=class_check action=maybe_recompile pc=0x0000000002a09b0c method=java.lang.String.equals(Ljava/lang/Object;)Z @ 8
Event: 1.895 Thread 0x00000000568d7800 Uncommon trap: reason=class_check action=maybe_recompile pc=0x0000000002ae5dd0 method=java.util.HashMap.putVal(ILjava/lang/Object;Ljava/lang/Object;ZZ)Ljava/lang/Object; @ 253
Event: 1.898 Thread 0x00000000568d7800 Uncommon trap: reason=class_check action=maybe_recompile pc=0x0000000002ae5dd0 method=java.util.HashMap.putVal(ILjava/lang/Object;Ljava/lang/Object;ZZ)Ljava/lang/Object; @ 253
Event: 1.914 Thread 0x00000000568d7800 Uncommon trap: reason=class_check action=maybe_recompile pc=0x0000000002ae5dd0 method=java.util.HashMap.putVal(ILjava/lang/Object;Ljava/lang/Object;ZZ)Ljava/lang/Object; @ 253
Event: 1.914 Thread 0x00000000568d7800 Uncommon trap: reason=class_check action=maybe_recompile pc=0x0000000002ae5dd0 method=java.util.HashMap.putVal(ILjava/lang/Object;Ljava/lang/Object;ZZ)Ljava/lang/Object; @ 253

Internal exceptions (10 events):
Event: 1.952 Thread 0x00000000568d7800 Exception <a 'java/security/PrivilegedActionException'> (0x00000000ebc6b730) thrown at [C:\workspace\8-2-build-windows-amd64-cygwin\jdk8u31\2394\hotspot\src\share\vm\prims\jvm.cpp, line 1312]
Event: 1.953 Thread 0x00000000568d7800 Exception <a 'java/security/PrivilegedActionException'> (0x00000000ebc6e718) thrown at [C:\workspace\8-2-build-windows-amd64-cygwin\jdk8u31\2394\hotspot\src\share\vm\prims\jvm.cpp, line 1312]
Event: 1.954 Thread 0x00000000568d7800 Exception <a 'java/security/PrivilegedActionException'> (0x00000000ebc74b98) thrown at [C:\workspace\8-2-build-windows-amd64-cygwin\jdk8u31\2394\hotspot\src\share\vm\prims\jvm.cpp, line 1312]
Event: 1.956 Thread 0x00000000568d7800 Exception <a 'java/security/PrivilegedActionException'> (0x00000000ebc8c428) thrown at [C:\workspace\8-2-build-windows-amd64-cygwin\jdk8u31\2394\hotspot\src\share\vm\prims\jvm.cpp, line 1312]
Event: 1.956 Thread 0x00000000568d7800 Exception <a 'java/security/PrivilegedActionException'> (0x00000000ebc8ef10) thrown at [C:\workspace\8-2-build-windows-amd64-cygwin\jdk8u31\2394\hotspot\src\share\vm\prims\jvm.cpp, line 1312]
Event: 1.959 Thread 0x00000000568d7800 Exception <a 'java/security/PrivilegedActionException'> (0x00000000ebca7930) thrown at [C:\workspace\8-2-build-windows-amd64-cygwin\jdk8u31\2394\hotspot\src\share\vm\prims\jvm.cpp, line 1312]
Event: 1.973 Thread 0x00000000568d7800 Exception <a 'java/security/PrivilegedActionException'> (0x00000000ebd022b0) thrown at [C:\workspace\8-2-build-windows-amd64-cygwin\jdk8u31\2394\hotspot\src\share\vm\prims\jvm.cpp, line 1312]
Event: 1.974 Thread 0x00000000568d7800 Exception <a 'java/security/PrivilegedActionException'> (0x00000000ebd04c08) thrown at [C:\workspace\8-2-build-windows-amd64-cygwin\jdk8u31\2394\hotspot\src\share\vm\prims\jvm.cpp, line 1312]
Event: 1.974 Thread 0x00000000568d7800 Exception <a 'java/security/PrivilegedActionException'> (0x00000000ebd06cc8) thrown at [C:\workspace\8-2-build-windows-amd64-cygwin\jdk8u31\2394\hotspot\src\share\vm\prims\jvm.cpp, line 1312]
Event: 1.974 Thread 0x00000000568d7800 Exception <a 'java/security/PrivilegedActionException'> (0x00000000ebd07dd0) thrown at [C:\workspace\8-2-build-windows-amd64-cygwin\jdk8u31\2394\hotspot\src\share\vm\prims\jvm.cpp, line 1312]

Events (10 events):
Event: 1.959 loading class oracle/jdbc/driver/SQLStateMapping$Tokenizer
Event: 1.959 loading class oracle/jdbc/driver/SQLStateMapping$Tokenizer done
Event: 1.973 loading class oracle/jdbc/driver/Message11
Event: 1.973 loading class oracle/jdbc/driver/Message11 done
Event: 1.973 loading class oracle/jdbc/driver/Message
Event: 1.973 loading class oracle/jdbc/driver/Message done
Event: 1.974 loading class oracle/jdbc/driver/Messages
Event: 1.974 loading class oracle/jdbc/driver/Messages done
Event: 1.975 loading class java/util/PropertyResourceBundle
Event: 1.975 loading class java/util/PropertyResourceBundle done


Dynamic libraries:
0x000000013f2f0000 - 0x000000013f324000 	C:\Program Files\Java\jdk1.8.0_31\bin\java.exe
0x0000000077260000 - 0x0000000077409000 	C:\Windows\SYSTEM32\ntdll.dll
0x0000000077040000 - 0x000000007715f000 	C:\Windows\system32\kernel32.dll
0x000007fefd2c0000 - 0x000007fefd32b000 	C:\Windows\system32\KERNELBASE.dll
0x000007fefe010000 - 0x000007fefe0eb000 	C:\Windows\system32\ADVAPI32.dll
0x000007fefdf70000 - 0x000007fefe00f000 	C:\Windows\system32\msvcrt.dll
0x000007fefdb90000 - 0x000007fefdbaf000 	C:\Windows\SYSTEM32\sechost.dll
0x000007fefd9f0000 - 0x000007fefdb1d000 	C:\Windows\system32\RPCRT4.dll
0x0000000077160000 - 0x000000007725a000 	C:\Windows\system32\USER32.dll
0x000007fefdb20000 - 0x000007fefdb87000 	C:\Windows\system32\GDI32.dll
0x000007feff560000 - 0x000007feff56e000 	C:\Windows\system32\LPK.dll
0x000007feff370000 - 0x000007feff439000 	C:\Windows\system32\USP10.dll
0x000007fefbb30000 - 0x000007fefbd24000 	C:\Windows\WinSxS\amd64_microsoft.windows.common-controls_6595b64144ccf1df_6.0.7601.17514_none_fa396087175ac9ac\COMCTL32.dll
0x000007feff440000 - 0x000007feff4b1000 	C:\Windows\system32\SHLWAPI.dll
0x000007feff340000 - 0x000007feff36e000 	C:\Windows\system32\IMM32.DLL
0x000007fefe0f0000 - 0x000007fefe1f9000 	C:\Windows\system32\MSCTF.dll
0x00000000745f0000 - 0x00000000746c2000 	C:\Program Files\Java\jdk1.8.0_31\jre\bin\msvcr100.dll
0x000000006f730000 - 0x000000006ff8a000 	C:\Program Files\Java\jdk1.8.0_31\jre\bin\server\jvm.dll
0x000007fefa100000 - 0x000007fefa109000 	C:\Windows\system32\WSOCK32.dll
0x000007fefdd40000 - 0x000007fefdd8d000 	C:\Windows\system32\WS2_32.dll
0x000007fefdc90000 - 0x000007fefdc98000 	C:\Windows\system32\NSI.dll
0x000007fefb780000 - 0x000007fefb7bb000 	C:\Windows\system32\WINMM.dll
0x0000000077430000 - 0x0000000077437000 	C:\Windows\system32\PSAPI.DLL
0x0000000074900000 - 0x000000007490f000 	C:\Program Files\Java\jdk1.8.0_31\jre\bin\verify.dll
0x00000000748d0000 - 0x00000000748f8000 	C:\Program Files\Java\jdk1.8.0_31\jre\bin\java.dll
0x00000000748b0000 - 0x00000000748c6000 	C:\Program Files\Java\jdk1.8.0_31\jre\bin\zip.dll
0x000007fefe5b0000 - 0x000007feff338000 	C:\Windows\system32\SHELL32.dll
0x000007fefd580000 - 0x000007fefd783000 	C:\Windows\system32\ole32.dll
0x000007fefd1b0000 - 0x000007fefd1bf000 	C:\Windows\system32\profapi.dll
0x0000000074450000 - 0x00000000745e8000 	C:\Program Files\Java\jdk1.8.0_31\jre\bin\awt.dll
0x000007fefdbb0000 - 0x000007fefdc87000 	C:\Windows\system32\OLEAUT32.dll
0x000007fefb720000 - 0x000007fefb776000 	C:\Windows\system32\uxtheme.dll
0x000007fefb340000 - 0x000007fefb358000 	C:\Windows\system32\dwmapi.dll
0x000007fefd0e0000 - 0x000007fefd0ef000 	C:\Windows\system32\CRYPTBASE.dll
0x0000000074230000 - 0x0000000074277000 	C:\Program Files\Java\jdk1.8.0_31\jre\bin\fontmanager.dll
0x0000000074890000 - 0x00000000748aa000 	C:\Program Files\Java\jdk1.8.0_31\jre\bin\net.dll
0x000007fefca20000 - 0x000007fefca75000 	C:\Windows\system32\mswsock.dll
0x000007fefca10000 - 0x000007fefca17000 	C:\Windows\System32\wship6.dll
0x0000000074870000 - 0x0000000074881000 	C:\Program Files\Java\jdk1.8.0_31\jre\bin\nio.dll
0x00000000741e0000 - 0x0000000074221000 	C:\Program Files\Java\jdk1.8.0_31\jre\bin\t2k.dll
0x000007fefdca0000 - 0x000007fefdd39000 	C:\Windows\system32\CLBCatQ.DLL
0x000007fefb1d0000 - 0x000007fefb2fa000 	C:\Windows\system32\WindowsCodecs.dll
0x000007fefd080000 - 0x000007fefd0d7000 	C:\Windows\system32\apphelp.dll
0x000007fef8ab0000 - 0x000007fef8b70000 	C:\Program Files (x86)\Google\Drive\googledrivesync64.dll
0x0000000073680000 - 0x0000000073753000 	C:\Program Files (x86)\Google\Drive\Microsoft.VC90.CRT\MSVCP90.dll
0x0000000072f80000 - 0x0000000073023000 	C:\Program Files (x86)\Google\Drive\Microsoft.VC90.CRT\MSVCR90.dll
0x000007fef85d0000 - 0x000007fef85fb000 	C:\Users\Shahed\AppData\Roaming\Dropbox\bin\DropboxExt64.22.dll
0x000007fefc020000 - 0x000007fefc145000 	C:\Windows\system32\dbghelp.dll
0x0000000072ea0000 - 0x0000000072f73000 	C:\Windows\WinSxS\amd64_microsoft.vc90.crt_1fc8b3b9a1e18e3b_9.0.30729.4940_none_08e4299fa83d7e3c\MSVCP90.dll
0x0000000072e00000 - 0x0000000072e9d000 	C:\Windows\WinSxS\amd64_microsoft.vc90.crt_1fc8b3b9a1e18e3b_9.0.30729.4940_none_08e4299fa83d7e3c\MSVCR90.dll
0x000007fef8590000 - 0x000007fef85c5000 	C:\Windows\system32\EhStorShell.dll
0x000007fefe350000 - 0x000007fefe527000 	C:\Windows\system32\SETUPAPI.dll
0x000007fefd260000 - 0x000007fefd296000 	C:\Windows\system32\CFGMGR32.dll
0x000007fefd2a0000 - 0x000007fefd2ba000 	C:\Windows\system32\DEVOBJ.dll
0x000007fefb870000 - 0x000007fefb99c000 	C:\Windows\system32\PROPSYS.dll
0x000007fef8570000 - 0x000007fef8578000 	C:\Program Files (x86)\Internet Download Manager\IDMShellExt64.dll
0x000007fef7860000 - 0x000007fef78de000 	C:\Windows\System32\cscui.dll
0x000007fef8530000 - 0x000007fef853c000 	C:\Windows\System32\CSCDLL.dll
0x000007fef8580000 - 0x000007fef858f000 	C:\Windows\system32\CSCAPI.dll
0x000007fef77e0000 - 0x000007fef7860000 	C:\Windows\system32\ntshrui.dll
0x000007fefcd20000 - 0x000007fefcd43000 	C:\Windows\system32\srvcli.dll
0x000007fefa9e0000 - 0x000007fefa9eb000 	C:\Windows\system32\slc.dll
0x0000000074850000 - 0x000000007485d000 	C:\Program Files\Java\jdk1.8.0_31\jre\bin\management.dll

VM Arguments:
jvm_args: -Dfile.encoding=UTF-8 
java_command: database.project.user_interface
java_class_path (initial): C:\Users\Shahed\Downloads\ojdbc7.jar;E:\Java\Database Project\build\classes
Launcher Type: SUN_STANDARD

Environment Variables:
PATH=E:\Oracles\product\11.2.0\dbhome_1\bin;c:\Seer;C:\Program Files\Java\jdk1.8.0_31\bin;C:\ProgramData\Oracle\Java\javapath;C:\Program Files (x86)\PC Connectivity Solution\;c:\Program Files (x86)\Intel\iCLS Client\;c:\Program Files\Intel\iCLS Client\;C:\Windows\system32;C:\Windows;C:\Windows\System32\Wbem;C:\Windows\System32\WindowsPowerShell\v1.0\;C:\Program Files (x86)\Intel\OpenCL SDK\2.0\bin\x86;C:\Program Files (x86)\Intel\OpenCL SDK\2.0\bin\x64;C:\Program Files (x86)\Microsoft SQL Server\100\Tools\Binn\;C:\Program Files\Microsoft SQL Server\100\Tools\Binn\;C:\Program Files\Microsoft SQL Server\100\DTS\Binn\;C:\Program Files (x86)\MySQL\MySQL Fabric 1.5.2 & MySQL Utilities 1.5.2 1.5\;C:\Program Files (x86)\MySQL\MySQL Fabric 1.5.2 & MySQL Utilities 1.5.2 1.5\Doctrine extensions for PHP\;C:\Program Files (x86)\Skype\Phone\;H:\Miktex\miktex\bin\;C:\Program Files (x86)\Microsoft Visual Studio\Common\Tools\WinNT;C:\Program Files (x86)\Microsoft Visual Studio\Common\MSDev98\Bin;C:\Program Files (x86)\Microsoft Visual Studio\Common\Tools;C:\Program Files (x86)\Microsoft Visual Studio\VC98\bin
USERNAME=Shahed
OS=Windows_NT
PROCESSOR_IDENTIFIER=Intel64 Family 6 Model 58 Stepping 9, GenuineIntel



---------------  S Y S T E M  ---------------

OS: Windows 7 , 64 bit Build 7601 Service Pack 1

CPU:total 4 (2 cores per cpu, 2 threads per core) family 6 model 58 stepping 9, cmov, cx8, fxsr, mmx, sse, sse2, sse3, ssse3, sse4.1, sse4.2, popcnt, avx, aes, clmul, erms, ht, tsc, tscinvbit, tscinv

Memory: 4k page, physical 4070964k(1021872k free), swap 16282012k(5124k free)

vm_info: Java HotSpot(TM) 64-Bit Server VM (25.31-b07) for windows-amd64 JRE (1.8.0_31-b13), built on Dec 17 2014 21:00:28 by "java_re" with MS VC++ 10.0 (VS2010)

time: Sat Dec 05 23:06:23 2015
elapsed time: 1 seconds (0d 0h 0m 1s)

